<?xml version="1.0" encoding="UTF-8"?>
<!-- Generated by org.testng.reporters.JUnitXMLReporter -->
<testsuite hostname="DESKTOP-1C7TUAO" ignored="0" name="Default test" tests="3" failures="0" timestamp="14 Nov 2018 17:38:17 GMT" time="51.424" errors="0">
  <testcase name="homePage" time="0.554" classname="mortgageCalculatorTest.PurchaseTest"/>
  <testcase name="mortgageCalculator" time="24.637" classname="mortgageCalculatorTest.PurchaseTest"/>
  <testcase name="refinanceCalculator" time="10.024" classname="mortgageCalculatorTest.PurchaseTest"/>
</testsuite> <!-- Default test -->
