<?xml version="1.0" encoding="UTF-8"?>
<!-- Generated by org.testng.reporters.JUnitXMLReporter -->
<testsuite hostname="DESKTOP-1C7TUAO" ignored="0" name="Test" tests="3" failures="0" timestamp="14 Nov 2018 18:00:17 GMT" time="82.164" errors="0">
  <testcase name="homePage" time="0.539" classname="mortgageCalculatorTest.PurchaseTest"/>
  <testcase name="mortgageCalculator" time="39.377" classname="mortgageCalculatorTest.PurchaseTest"/>
  <testcase name="refinanceCalculator" time="17.756" classname="mortgageCalculatorTest.PurchaseTest"/>
</testsuite> <!-- Test -->
