<?xml version="1.0" encoding="UTF-8"?>
<!-- Generated by org.testng.reporters.JUnitXMLReporter -->
<testsuite ignored="0" hostname="DESKTOP-1C7TUAO" failures="0" tests="3" name="Test" time="83.591" errors="0" timestamp="14 Nov 2018 18:04:04 GMT">
  <testcase classname="mortgageCalculatorTest.PurchaseTest" name="homePage" time="0.549"/>
  <testcase classname="mortgageCalculatorTest.PurchaseTest" name="mortgageCalculator" time="39.277"/>
  <testcase classname="mortgageCalculatorTest.PurchaseTest" name="refinanceCalculator" time="19.416"/>
</testsuite> <!-- Test -->
