<?xml version="1.0" encoding="UTF-8"?>
<testng-results ignored="0" total="3" passed="3" failed="0" skipped="0">
  <reporter-output>
  </reporter-output>
  <suite started-at="2018-11-14T18:02:40Z" name="Suite" finished-at="2018-11-14T18:04:04Z" duration-ms="83591">
    <groups>
    </groups>
    <test started-at="2018-11-14T18:02:40Z" name="Test" finished-at="2018-11-14T18:04:04Z" duration-ms="83591">
      <class name="mortgageCalculatorTest.PurchaseTest">
        <test-method is-config="true" signature="basePageNavigation()[pri:0, instance:mortgageCalculatorTest.PurchaseTest@3bf7ca37]" started-at="2018-11-14T18:02:40Z" name="basePageNavigation" finished-at="2018-11-14T18:03:03Z" duration-ms="23133" status="PASS">
          <reporter-output>
          </reporter-output>
        </test-method> <!-- basePageNavigation -->
        <test-method signature="homePage()[pri:0, instance:mortgageCalculatorTest.PurchaseTest@3bf7ca37]" started-at="2018-11-14T18:03:03Z" name="homePage" finished-at="2018-11-14T18:03:04Z" duration-ms="549" status="PASS">
          <reporter-output>
          </reporter-output>
        </test-method> <!-- homePage -->
        <test-method signature="mortgageCalculator(java.lang.String, java.lang.String, java.lang.String, java.lang.String)[pri:0, instance:mortgageCalculatorTest.PurchaseTest@3bf7ca37]" started-at="2018-11-14T18:03:05Z" name="mortgageCalculator" data-provider="getData" finished-at="2018-11-14T18:03:44Z" depends-on-methods="mortgageCalculatorTest.PurchaseTest.homePage" duration-ms="39277" status="PASS">
          <params>
            <param index="0">
              <value>
                <![CDATA[90000]]>
              </value>
            </param>
            <param index="1">
              <value>
                <![CDATA[20000]]>
              </value>
            </param>
            <param index="2">
              <value>
                <![CDATA[68124]]>
              </value>
            </param>
            <param index="3">
              <value>
                <![CDATA[720]]>
              </value>
            </param>
          </params>
          <reporter-output>
          </reporter-output>
        </test-method> <!-- mortgageCalculator -->
        <test-method signature="refinanceCalculator(java.lang.String, java.lang.String, java.lang.String, java.lang.String, java.lang.String)[pri:0, instance:mortgageCalculatorTest.PurchaseTest@3bf7ca37]" started-at="2018-11-14T18:03:44Z" name="refinanceCalculator" data-provider="getData2" finished-at="2018-11-14T18:04:04Z" depends-on-methods="mortgageCalculatorTest.PurchaseTest.homePage" duration-ms="19416" status="PASS">
          <params>
            <param index="0">
              <value>
                <![CDATA[ShortenTerm]]>
              </value>
            </param>
            <param index="1">
              <value>
                <![CDATA[50000]]>
              </value>
            </param>
            <param index="2">
              <value>
                <![CDATA[60000]]>
              </value>
            </param>
            <param index="3">
              <value>
                <![CDATA[68123]]>
              </value>
            </param>
            <param index="4">
              <value>
                <![CDATA[720]]>
              </value>
            </param>
          </params>
          <reporter-output>
          </reporter-output>
        </test-method> <!-- refinanceCalculator -->
      </class> <!-- mortgageCalculatorTest.PurchaseTest -->
    </test> <!-- Test -->
  </suite> <!-- Suite -->
</testng-results>
