<?xml version="1.0" encoding="UTF-8"?>
<testng-results skipped="0" failed="0" ignored="0" total="2" passed="2">
  <reporter-output>
  </reporter-output>
  <suite name="Default suite" duration-ms="41214" started-at="2018-11-14T16:55:56Z" finished-at="2018-11-14T16:56:38Z">
    <groups>
    </groups>
    <test name="Default test" duration-ms="41214" started-at="2018-11-14T16:55:56Z" finished-at="2018-11-14T16:56:38Z">
      <class name="mortgageCalculatorTest.PurchaseTest">
        <test-method status="PASS" signature="basePageNavigation()[pri:0, instance:mortgageCalculatorTest.PurchaseTest@5c3bd550]" name="basePageNavigation" is-config="true" duration-ms="15889" started-at="2018-11-14T16:55:56Z" finished-at="2018-11-14T16:56:12Z">
          <reporter-output>
          </reporter-output>
        </test-method> <!-- basePageNavigation -->
        <test-method status="PASS" signature="homePage()[pri:0, instance:mortgageCalculatorTest.PurchaseTest@5c3bd550]" name="homePage" duration-ms="517" started-at="2018-11-14T16:56:12Z" finished-at="2018-11-14T16:56:13Z">
          <reporter-output>
          </reporter-output>
        </test-method> <!-- homePage -->
        <test-method status="PASS" signature="mortgageCalculator(java.lang.String, java.lang.String, java.lang.String, java.lang.String)[pri:0, instance:mortgageCalculatorTest.PurchaseTest@5c3bd550]" name="mortgageCalculator" duration-ms="23707" started-at="2018-11-14T16:56:14Z" data-provider="getData" depends-on-methods="mortgageCalculatorTest.PurchaseTest.homePage" finished-at="2018-11-14T16:56:38Z">
          <params>
            <param index="0">
              <value>
                <![CDATA[90000]]>
              </value>
            </param>
            <param index="1">
              <value>
                <![CDATA[20000]]>
              </value>
            </param>
            <param index="2">
              <value>
                <![CDATA[68124]]>
              </value>
            </param>
            <param index="3">
              <value>
                <![CDATA[720]]>
              </value>
            </param>
          </params>
          <reporter-output>
          </reporter-output>
        </test-method> <!-- mortgageCalculator -->
      </class> <!-- mortgageCalculatorTest.PurchaseTest -->
    </test> <!-- Default test -->
  </suite> <!-- Default suite -->
</testng-results>
